<?xml version="1.0" encoding="utf-8"?><testsuites name="pytest tests"><testsuite name="pytest" errors="0" failures="0" skipped="0" tests="613" time="11.404" timestamp="2026-08-15T13:38:02.537593-07:00" hostname="e7f0ce7ae136"><testcase classname="tests.unit.test_aliases.TestAliasesInit" name="test_init_creates_alias_dict" time="0.005" /><testcase classname="tests.unit.test_analytics.TestIsDevelopmentEnvironment" name="test_explicit_development_env_var" time="0.005" /><testcase classname="tests.unit.test_analytics.TestAnalyticsSetup" name="test_setup_without_user_email" time="0.016" /><testcase classname="tests.unit.test_analytics.TestNopAnalytics" name="test_nop_analytics_exit_returns_false" time="0.005" /><testcase classname="tests.unit.test_analytics.TestAnalyticsStartSpan" name="test_start_span_when_analytics_disabled" time="0.005" /><testcase classname="tests.unit.test_analytics.TestAnalyticsStartTransaction" name="test_start_transaction_with_various_kwargs" time="0.012" /><testcase classname="tests.unit.test_aliases.TestAliasesEdgeCases" name="test_whitespace_handling" time="0.005" /><testcase classname="tests.unit.test_aliases.TestAliasesInit" name="test_init_creates_reverse_dict" time="0.001" /><testcase classname="tests.unit.test_aliases.TestAliasesEdgeCases" name="test_key_not_in_alias_list" time="0.002" /><testcase classname="tests.unit.test_app.TestCopyImagesToDir" name="test_copy_images_to_dir_missing_source" time="0.385" /><testcase classname="tests.unit.test_analytics.TestIsDevelopmentEnvironment" name="test_vscode_environment_detected" time="0.001" /><testcase classname="tests.unit.test_app.TestCreateUser" name="test_create_user_creates_config_file" time="0.019" /><testcase classname="tests.unit.test_analytics.TestNopAnalytics" name="test_nop_analytics_set_data_does_nothing" time="0.001" /><testcase classname="tests.unit.test_analytics.TestNopAnalytics" name="test_nop_analytics_used_in_with_statement" time="0.001" /><testcase classname="tests.unit.test_app.TestSearchSession" name="test_search_session_empty_selection" time="0.593" /><testcase classname="tests.unit.test_app.TestStarbashLifecycle" name="test_context_manager_exit_no_exception" time="0.608" /><testcase classname="tests.unit.test_aliases.TestAliasesNormalize" name="test_normalize_returns_canonical" time="0.005" /><testcase classname="tests.unit.test_aliases.TestAliasesEdgeCases" name="test_single_item_list" time="0.001" /><testcase classname="tests.unit.test_aliases.TestAliasesEdgeCases" name="test_multiple_keys_same_canonical" time="0.001" /><testcase classname="tests.unit.test_app.TestCopyImagesToDir" name="test_copy_images_to_dir_missing_abspath_key" time="0.379" /><testcase classname="tests.unit.test_aliases.TestAliasesIntegration" name="test_round_trip_normalization" time="0.001" /><testcase classname="tests.unit.test_analytics.TestAnalyticsException" name="test_exception_in_development_returns_false" time="0.009" /><testcase classname="tests.unit.test_analytics.TestAnalyticsException" name="test_exception_with_analytics_enabled" time="0.002" /><testcase classname="tests.unit.test_analytics.TestAnalyticsException" name="test_exception_with_analytics_disabled" time="0.001" /><testcase classname="tests.unit.test_aliases.TestAliasesNormalize" name="test_normalize_filter_variants" time="0.005" /><testcase classname="tests.unit.test_aliases.TestAliasesNormalize" name="test_normalize_ha_variants" time="0.001" /><testcase classname="tests.unit.test_aliases.TestAliasesNormalize" name="test_normalize_file_suffix" time="0.001" /><testcase classname="tests.unit.test_app.TestReindexRepo" name="test_reindex_repo_handles_bad_fits" time="1.001" /><testcase classname="tests.unit.test_app.TestProcessing" name="test_run_stage_with_script" time="0.581" /><testcase classname="tests.unit.test_aliases.TestAliasesIntegration" name="test_toml_structure_example" time="0.005" /><testcase classname="tests.unit.test_analytics.TestAnalyticsSetup" name="test_setup_disabled_by_default" time="0.005" /><testcase classname="tests.unit.test_analytics.TestAnalyticsSetup" name="test_setup_enabled_initializes_sentry" time="0.008" /><testcase classname="tests.unit.test_app.TestAddOutputPath" name="test_add_output_path_missing_type" time="0.599" /><testcase classname="tests.unit.test_app.TestGetSessionImages" name="test_get_session_images_no_images" time="0.595" /><testcase classname="tests.unit.test_app.TestProcessing" name="test_run_stage_input_required_missing" time="0.612" /><testcase classname="tests.unit.test_app.TestStarbashInit" name="test_init_with_cmd_parameter" time="0.584" /><testcase classname="tests.unit.test_app.TestProcessing" name="test_run_all_stages_missing_priority" time="0.583" /><testcase classname="tests.unit.test_app.TestProcessing" name="test_run_stage_missing_tool" time="0.650" /><testcase classname="tests.unit.test_app.TestAddOutputPath" name="test_add_output_path_unsupported_dest" time="0.608" /><testcase classname="tests.unit.test_app.TestAddSession" name="test_add_session_with_valid_header" time="0.574" /><testcase classname="tests.unit.test_analytics.TestIsDevelopmentEnvironment" name="test_production_environment" time="0.001" /><testcase classname="tests.unit.test_app.TestStarbashInit" name="test_init_warns_on_windows_without_powershell" time="0.582" /><testcase classname="tests.unit.test_aliases.TestAliasesGet" name="test_get_case_sensitive_key" time="0.006" /><testcase classname="tests.unit.test_aliases.TestAliasesNormalize" name="test_normalize_exact_match" time="0.001" /><testcase classname="tests.unit.test_aliases.TestAliasesNormalize" name="test_normalize_variant" time="0.001" /><testcase classname="tests.unit.test_analytics.TestAnalyticsSetup" name="test_setup_sets_global_analytics_allowed" time="0.001" /><testcase classname="tests.unit.test_analytics.TestAnalyticsShutdown" name="test_shutdown_when_disabled" time="0.001" /><testcase classname="tests.unit.test_analytics.TestAnalyticsIntegration" name="test_complete_analytics_workflow" time="0.011" /><testcase classname="tests.unit.test_app.TestCreateUser" name="test_create_user_idempotent" time="0.008" /><testcase classname="tests.unit.test_app.TestStarbashInit" name="test_init_adds_default_repo" time="0.601" /><testcase classname="tests.unit.test_cli" name="test_repo_list_command" time="0.729" /><testcase classname="tests.unit.test_aliases.TestAliasesInit" name="test_init_with_empty_dict" time="0.001" /><testcase classname="tests.unit.test_aliases.TestAliasesGet" name="test_get_returns_alias_list" time="0.005" /><testcase classname="tests.unit.test_aliases.TestAliasesGet" name="test_get_returns_filter_aliases" time="0.001" /><testcase classname="tests.unit.test_aliases.TestAliasesGet" name="test_get_nonexistent_key" time="0.001" /><testcase classname="tests.unit.test_app.TestReindexRepo" name="test_reindex_repo_skips_non_file_schemes" time="0.592" /><testcase classname="tests.unit.test_analytics.TestAnalyticsStartSpan" name="test_start_span_with_various_kwargs" time="0.005" /><testcase classname="tests.unit.test_analytics.TestAnalyticsStartTransaction" name="test_start_transaction_when_analytics_enabled" time="0.002" /><testcase classname="tests.unit.test_analytics.TestAnalyticsIntegration" name="test_disabled_analytics_workflow" time="0.001" /><testcase classname="tests.unit.test_app.TestCopyImagesToDir" name="test_copy_images_to_dir_with_symlinks" time="0.369" /><testcase classname="tests.unit.test_analytics.TestAnalyticsStartSpan" name="test_start_span_when_analytics_enabled" time="0.004" /><testcase classname="tests.unit.test_analytics.TestIsDevelopmentEnvironment" name="test_other_environment_values_not_development" time="0.001" /><testcase classname="tests.unit.test_aliases.TestAliasesEdgeCases" name="test_special_characters_in_names" time="0.001" /><testcase classname="tests.unit.test_analytics.TestNopAnalytics" name="test_nop_analytics_context_manager" time="0.001" /><testcase classname="tests.unit.test_cli" name="test_repo_complete_by_num" time="2.724" /><testcase classname="tests.unit.test_analytics.TestAnalyticsSetup" name="test_setup_with_user_email" time="0.002" /><testcase classname="tests.unit.test_cli" name="test_repo_remove_command" time="3.823" /><testcase classname="tests.unit.test_aliases.TestAliasesNormalize" name="test_normalize_nonexistent" time="0.004" /><testcase classname="tests.unit.test_aliases.TestAliasesNormalize" name="test_normalize_case_insensitive" time="0.001" /><testcase classname="tests.unit.test_aliases.TestAliasesIntegration" name="test_all_aliases_map_to_canonical" time="0.001" /><testcase classname="tests.unit.test_cli" name="test_user_name_command" time="1.930" /><testcase classname="tests.unit.test_cli" name="test_user_setup_command_partial" time="1.951" /><testcase classname="tests.unit.test_cli" name="test_repo_reindex_by_number" time="3.371" /><testcase classname="tests.unit.test_cli" name="test_deprecation_warnings_suppressed_in_production" time="0.002" /><testcase classname="tests.unit.test_cli" name="test_deprecation_warnings_shown_in_development" time="0.001" /><testcase classname="tests.unit.test_commands_selection.TestSelectionTargetCommand" name="test_target_command_with_spaces" time="1.022" /><testcase classname="tests.unit.test_analytics.TestAnalyticsShutdown" name="test_shutdown_when_enabled" time="0.002" /><testcase classname="tests.unit.test_commands_selection.TestSelectionDateCommand" name="test_date_between_missing_end_date" time="0.989" /><testcase classname="tests.unit.test_aliases.TestAliasesInit" name="test_init_with_empty_list" time="0.001" /><testcase classname="tests.unit.test_aliases.TestAliasesGet" name="test_get_first_item_is_canonical" time="0.003" /><testcase classname="tests.unit.test_commands_selection.TestSelectionTelescopeCommand" name="test_telescope_command_replaces_previous" time="2.252" /><testcase classname="tests.unit.test_analytics.TestAnalyticsStartTransaction" name="test_start_transaction_when_analytics_disabled" time="0.001" /><testcase classname="tests.unit.test_app.TestCreateUser" name="test_create_user_creates_config_dir" time="0.019" /><testcase classname="tests.unit.test_commands_selection.TestSelectionHelp" name="test_selection_help" time="0.794" /><testcase classname="tests.unit.test_commands_selection.TestSelectionShowCommand" name="test_show_empty_selection" time="1.067" /><testcase classname="tests.unit.test_commands_selection.TestSelectionShowCommand" name="test_show_selection_with_multiple_criteria" time="2.641" /><testcase classname="tests.unit.test_commands_selection.TestSelectionClearCommand" name="test_clear_command_success" time="1.063" /><testcase classname="tests.unit.test_commands_selection.TestSelectionHelp" name="test_any_help" time="0.999" /><testcase classname="tests.unit.test_app.TestStarbashInit" name="test_init_creates_database" time="0.567" /><testcase classname="tests.unit.test_app.TestCopyImagesToDir" name="test_copy_images_to_dir_existing_destination" time="0.004" /><testcase classname="tests.unit.test_app.TestCopyImagesToDir" name="test_copy_images_to_dir_mixed_results" time="0.005" /><testcase classname="tests.unit.test_app.TestCopyImagesToDir" name="test_copy_images_to_dir_empty_list" time="0.004" /><testcase classname="tests.unit.test_app.TestCopyImagesToDir" name="test_copy_images_to_dir_fallback_to_copy" time="0.009" /><testcase classname="tests.unit.test_doit.TestStarbashDoit" name="test_init" time="0.002" /><testcase classname="tests.unit.test_doit.TestStarbashDoit" name="test_setup" time="0.002" /><testcase classname="tests.unit.test_database" name="test_remove_repo_with_sessions" time="0.004" /><testcase classname="tests.unit.test_doit.TestStarbashDoit" name="test_load_doit_config" time="0.002" /><testcase classname="tests.unit.test_database" name="test_remove_repo_preserves_other_repos" time="0.004" /><testcase classname="tests.unit.test_doit.TestStarbashDoit" name="test_load_tasks" time="0.002" /><testcase classname="tests.unit.test_doit.TestStarbashDoit" name="test_run_list_command" time="0.038" /><testcase classname="tests.unit.test_database" name="test_remove_repo_nonexistent" time="0.003" /><testcase classname="tests.unit.test_database" name="test_remove_repo_with_multiple_sessions" time="0.003" /><testcase classname="tests.unit.test_doit.TestBuiltinTask" name="test_builtin_task_values" time="0.002" /><testcase classname="tests.unit.test_doit.TestBuiltinTask" name="test_builtin_task_actions_is_list" time="0.002" /><testcase classname="tests.unit.test_doit.TestCleanupTemporaries" name="test_removes_matching_files_and_dirs" time="0.005" /><testcase classname="tests.unit.test_doit.TestCleanupTemporaries" name="test_expands_context_variables" time="0.003" /><testcase classname="tests.unit.test_doit.TestCleanupTemporaries" name="test_empty_or_missing_temporaries_is_noop" time="0.002" /><testcase classname="tests.unit.test_doit.TestStarbashDoit" name="test_run_help_command" time="0.031" /><testcase classname="tests.unit.test_doit.TestCleanupTemporaries" name="test_unsafe_patterns_are_skipped" time="0.002" /><testcase classname="tests.unit.test_doit.TestDoitIntegration" name="test_run_without_args_shows_help" time="0.059" /><testcase classname="tests.unit.test_doit.TestStarbashDoit" name="test_run_list_with_status" time="0.031" /><testcase classname="tests.unit.test_doit.TestBuiltinTask" name="test_builtin_task_structure" time="0.003" /><testcase classname="tests.unit.test_dwarf3.TestDwarf3HelperFunctions" name="test_make_monotonic_datetime_increments" time="0.001" /><testcase classname="tests.unit.test_dwarf3.TestDwarf3HelperFunctions" name="test_make_monotonic_datetime_format" time="0.001" /><testcase classname="tests.unit.test_doit.TestDoitIntegration" name="test_run_info_command" time="0.048" /><testcase classname="tests.unit.test_dwarf3.TestDwarf3CameraDetection" name="test_tele_camera_variants" time="0.002" /><testcase classname="tests.unit.test_dwarf3.TestDwarf3CameraDetection" name="test_wide_camera_variants" time="0.001" /><testcase classname="tests.unit.test_dwarf3.TestDwarf3EdgeCases" name="test_malformed_gain_patterns" time="0.001" /><testcase classname="tests.unit.test_dwarf3.TestDwarf3EdgeCases" name="test_malformed_exposure_patterns" time="0.002" /><testcase classname="tests.unit.test_dwarf3.TestDwarf3EdgeCases" name="test_missing_shots_info_json" time="0.002" /><testcase classname="tests.unit.test_dwarf3.TestDwarf3EdgeCases" name="test_invalid_json_in_shots_info" time="0.007" /><testcase classname="tests.unit.test_dwarf3.TestDwarf3EdgeCases" name="test_dwarf_dark_removes_bad_keys" time="0.002" /><testcase classname="tests.unit.test_dwarf3.TestDwarf3EdgeCases" name="test_telescop_naming_convention" time="0.001" /><testcase classname="tests.unit.test_exception.TestUserHandledError" name="test_user_handled_error_creation" time="0.001" /><testcase classname="tests.unit.test_exception.TestUserHandledError" name="test_user_handled_error_is_value_error" time="0.001" /><testcase classname="tests.unit.test_app.TestAddSession" name="test_add_session_missing_date" time="0.580" /><testcase classname="tests.unit.test_doit.TestDoitIntegration" name="test_list_shows_all_tasks" time="0.106" /><testcase classname="tests.unit.test_exception.TestUserHandledError" name="test_user_handled_error_rich_method" time="0.001" /><testcase classname="tests.unit.test_exception.TestUserHandledError" name="test_ask_user_handled_returns_false" time="0.002" /><testcase classname="tests.unit.test_exception.TestRaiseMissingRepo" name="test_raise_missing_repo_masters" time="0.001" /><testcase classname="tests.unit.test_app.TestProcessing" name="test_run_all_stages_missing_name" time="0.581" /><testcase classname="tests.unit.test_app.TestStarbashLifecycle" name="test_close_shuts_down_analytics" time="0.573" /><testcase classname="tests.unit.test_app.TestProcessing" name="test_run_stage_with_script_file" time="0.563" /><testcase classname="tests.unit.test_app.TestStarbashInit" name="test_init_no_warning_on_windows_with_powershell" time="0.651" /><testcase classname="tests.unit.test_exception.TestRaiseMissingRepo" name="test_raise_missing_repo_processed" time="0.001" /><testcase classname="tests.unit.test_exception.TestRaiseMissingRepo" name="test_raise_missing_repo_custom_kind" time="0.001" /><testcase classname="tests.unit.test_exception.TestNotEnoughFilesError" name="test_not_enough_files_error_creation" time="0.001" /><testcase classname="tests.unit.test_app.TestSearchSession" name="test_search_session_with_filters" time="0.620" /><testcase classname="tests.unit.test_app.TestReindexRepo" name="test_reindex_repo_skips_recipe_repos" time="0.591" /><testcase classname="tests.unit.test_app.TestRemoveRepoRef" name="test_remove_repo_ref_valid_url" time="0.573" /><testcase classname="tests.unit.test_exception.TestNotEnoughFilesError" name="test_not_enough_files_error_is_value_error" time="0.001" /><testcase classname="tests.unit.test_app.TestAddOutputPath" name="test_add_output_path_repo_not_found" time="0.551" /><testcase classname="tests.unit.test_app.TestStarbashInit" name="test_init_adds_user_repo" time="0.571" /><testcase classname="tests.unit.test_exception.TestNotEnoughFilesError" name="test_not_enough_files_error_is_non_fatal" time="0.001" /><testcase classname="tests.unit.test_exception.TestNotEnoughFilesError" name="test_not_enough_files_error_with_files_list" time="0.001" /><testcase classname="tests.unit.test_exception.TestNonFatalException" name="test_non_fatal_exception_creation" time="0.001" /><testcase classname="tests.unit.test_exception.TestNonFatalException" name="test_non_fatal_exception_is_value_error" time="0.001" /><testcase classname="tests.unit.test_app.TestAddOutputPath" name="test_add_output_path_with_context_expansion" time="0.681" /><testcase classname="tests.unit.test_app.TestStarbashLifecycle" name="test_context_manager_exit_with_exception" time="0.578" /><testcase classname="tests.unit.test_app.TestProcessing" name="test_run_stage_input_optional_missing" time="0.615" /><testcase classname="tests.unit.test_exception.TestNoSuitableMastersException" name="test_no_suitable_masters_exception_creation" time="0.001" /><testcase classname="tests.unit.test_exception.TestNoSuitableMastersException" name="test_no_suitable_masters_exception_is_non_fatal" time="0.001" /><testcase classname="tests.unit.test_exception.TestNoSuitableMastersException" name="test_no_suitable_masters_exception_is_value_error" time="0.001" /><testcase classname="tests.unit.test_filtering.TestFallbackToImageException" name="test_exception_creation" time="0.001" /><testcase classname="tests.unit.test_filtering.TestFallbackToImageException" name="test_exception_with_missing_path" time="0.001" /><testcase classname="tests.unit.test_filtering.TestFilterByRequires" name="test_filter_by_requires_no_requirements" time="0.001" /><testcase classname="tests.unit.test_filtering.TestFilterByRequires" name="test_filter_by_requires_empty_requires_list" time="0.002" /><testcase classname="tests.unit.test_filtering.TestFilterByRequires" name="test_filter_metadata_matching" time="0.001" /><testcase classname="tests.unit.test_filtering.TestFilterByRequires" name="test_filter_metadata_no_match" time="0.001" /><testcase classname="tests.unit.test_filtering.TestFilterByRequires" name="test_filter_camera_color" time="0.001" /><testcase classname="tests.unit.test_filtering.TestFilterByRequires" name="test_filter_camera_invalid_value" time="0.003" /><testcase classname="tests.unit.test_app.TestProcessing" name="test_run_stage_unknown_tool" time="0.573" /><testcase classname="tests.unit.test_filtering.TestFilterByRequires" name="test_filter_unprocessed" time="0.002" /><testcase classname="tests.unit.test_filtering.TestFilterByRequires" name="test_filter_min_count_sufficient" time="0.001" /><testcase classname="tests.unit.test_filtering.TestFilterByRequires" name="test_filter_min_count_insufficient" time="0.003" /><testcase classname="tests.unit.test_filtering.TestFilterByRequires" name="test_filter_min_count_accept_single" time="0.001" /><testcase classname="tests.unit.test_filtering.TestFilterByRequires" name="test_filter_min_count_accept_single_but_zero" time="0.001" /><testcase classname="tests.unit.test_filtering.TestFilterByRequires" name="test_filter_min_count_missing_value" time="0.002" /><testcase classname="tests.unit.test_filtering.TestFilterByRequires" name="test_filter_unknown_kind" time="0.003" /><testcase classname="tests.unit.test_filtering.TestFilterByRequires" name="test_filter_missing_kind" time="0.003" /><testcase classname="tests.unit.test_doit.TestDoitIntegration" name="test_run_nonexistent_task" time="0.045" /><testcase classname="tests.unit.test_filtering.TestFilterByRequires" name="test_filter_multiple_requirements" time="0.002" /><testcase classname="tests.unit.test_info" name="test_info_command_default" time="1.700" /><testcase classname="tests.unit.test_cli" name="test_repo_list_non_verbose" time="2.192" /><testcase classname="tests.unit.test_dwarf3.TestDwarf3HelperFunctions" name="test_extract_temperature_with_valid_formats" time="0.002" /><testcase classname="tests.unit.test_dwarf3.TestDwarf3HelperFunctions" name="test_extract_temperature_no_match" time="0.001" /><testcase classname="tests.unit.test_info" name="test_info_telescope_command_with_data" time="1.477" /><testcase classname="tests.unit.test_commands_selection.TestSelectionHelp" name="test_target_help" time="0.014" /><testcase classname="tests.unit.test_commands_selection.TestSelectionHelp" name="test_telescope_help" time="0.066" /><testcase classname="tests.unit.test_commands_selection.TestSelectionHelp" name="test_date_help" time="0.018" /><testcase classname="tests.unit.test_app.TestStarbashInit" name="test_init_creates_repo_manager" time="0.593" /><testcase classname="tests.unit.test_info" name="test_info_target_help" time="0.015" /><testcase classname="tests.unit.test_info" name="test_info_telescope_help" time="0.014" /><testcase classname="tests.unit.test_info" name="test_info_filter_help" time="0.014" /><testcase classname="tests.unit.test_app.TestReindexRepos" name="test_reindex_repos_calls_reindex_repo" time="0.639" /><testcase classname="tests.unit.test_info" name="test_plural_helper" time="0.001" /><testcase classname="tests.unit.test_info" name="test_dump_column_with_multiple_same_values" time="1.214" /><testcase classname="tests.unit.test_commands_selection.TestSelectionDateCommand" name="test_date_unknown_operation" time="0.630" /><testcase classname="tests.unit.test_commands_selection.TestSelectionTargetCommand" name="test_target_command_replaces_previous" time="1.684" /><testcase classname="tests.unit.test_database" name="test_database_images_table" time="0.004" /><testcase classname="tests.unit.test_database" name="test_remove_repo_basic" time="0.003" /><testcase classname="tests.unit.test_database" name="test_remove_repo_with_images" time="0.003" /><testcase classname="tests.unit.test_info" name="test_info_master_help" time="0.020" /><testcase classname="tests.unit.test_os.TestSymlinkOrCopy" name="test_symlink_or_copy_creates_symlink" time="0.002" /><testcase classname="tests.unit.test_os.TestSymlinkOrCopy" name="test_symlink_or_copy_falls_back_to_copy" time="0.003" /><testcase classname="tests.unit.test_commands_selection.TestSelectionShowCommand" name="test_show_selection_with_target" time="1.201" /><testcase classname="tests.unit.test_commands_selection.TestSelectionClearCommand" name="test_clear_command_actually_clears" time="1.713" /><testcase classname="tests.unit.test_os.TestSymlinkOrCopy" name="test_symlink_or_copy_preserves_metadata" time="0.002" /><testcase classname="tests.unit.test_os.TestSymlinkOrCopy" name="test_symlink_or_copy_warning_logged_once" time="0.002" /><testcase classname="tests.unit.test_parameters" name="test_parameter_is_override" time="0.001" /><testcase classname="tests.unit.test_app.TestProcessing" name="test_run_stage_updates_context" time="0.600" /><testcase classname="tests.unit.test_parameters" name="test_add_parameters_from_repo" time="0.008" /><testcase classname="tests.unit.test_app.TestAddOutputPath" name="test_add_output_path_success" time="0.618" /><testcase classname="tests.unit.test_app.TestAddSession" name="test_add_session_missing_imagetyp" time="0.593" /><testcase classname="tests.unit.test_app.TestStarbashLifecycle" name="test_close_closes_database" time="0.584" /><testcase classname="tests.unit.test_parameters" name="test_add_overrides_from_repo" time="0.009" /><testcase classname="tests.unit.test_app.TestAddOutputPath" name="test_add_output_path_no_config" time="0.579" /><testcase classname="tests.unit.test_app.TestRemoveRepoRef" name="test_remove_repo_ref_not_found" time="0.593" /><testcase classname="tests.unit.test_parameters" name="test_override_replaces_parameter" time="0.007" /><testcase classname="tests.unit.test_app.TestStarbashInit" name="test_init_with_analytics_disabled" time="0.598" /><testcase classname="tests.unit.test_parameters" name="test_as_obj_with_defaults" time="0.006" /><testcase classname="tests.unit.test_app.TestReindexRepo" name="test_reindex_repo_with_fits_files" time="0.976" /><testcase classname="tests.unit.test_app.TestStarbashLifecycle" name="test_context_manager_exit_with_typer_exit" time="0.589" /><testcase classname="tests.unit.test_parameters" name="test_as_obj_with_overrides" time="0.007" /><testcase classname="tests.unit.test_parameters" name="test_write_overrides_creates_section" time="0.003" /><testcase classname="tests.unit.test_parameters" name="test_write_overrides_preserves_existing" time="0.006" /><testcase classname="tests.unit.test_processed_target.TestStageWithComment" name="test_stage_with_comment_basic" time="0.001" /><testcase classname="tests.unit.test_app.TestGetSessionImages" name="test_get_session_images_valid_session" time="0.576" /><testcase classname="tests.unit.test_processed_target.TestStageWithComment" name="test_stage_with_comment_no_description" time="0.001" /><testcase classname="tests.unit.test_processed_target.TestStageWithComment" name="test_stage_with_comment_no_name" time="0.001" /><testcase classname="tests.unit.test_processed_target.TestStageWithComment" name="test_stage_with_comment_empty_dict" time="0.001" /><testcase classname="tests.unit.test_app.TestProcessing" name="test_run_stage_disabled_skips" time="0.594" /><testcase classname="tests.unit.test_app.TestProcessing" name="test_run_stage_clears_previous_input_files" time="0.581" /><testcase classname="tests.unit.test_processed_target.TestProcessedTargetInit" name="test_init_with_target" time="0.014" /><testcase classname="tests.unit.test_app.TestStarbashInit" name="test_init_no_warning_on_linux" time="0.648" /><testcase classname="tests.unit.test_processed_target.TestProcessedTargetInit" name="test_init_without_target" time="0.028" /><testcase classname="tests.unit.test_processed_target.TestProcessedTargetInit" name="test_init_creates_directory_if_not_exists" time="0.005" /><testcase classname="tests.unit.test_processed_target.TestProcessedTargetInit" name="test_init_reuses_existing_directory" time="0.005" /><testcase classname="tests.unit.test_cli" name="test_session_command_no_data" time="1.506" /><testcase classname="tests.unit.test_processed_target.TestProcessedTargetMethods" name="test_set_used" time="0.006" /><testcase classname="tests.unit.test_processed_target.TestProcessedTargetMethods" name="test_set_excluded" time="0.006" /><testcase classname="tests.unit.test_processed_target.TestProcessedTargetMethods" name="test_get_from_toml" time="0.005" /><testcase classname="tests.unit.test_processed_target.TestProcessedTargetMethods" name="test_get_from_toml_empty_list" time="0.005" /><testcase classname="tests.unit.test_processed_target.TestProcessedTargetMethods" name="test_get_from_toml_missing_key" time="0.006" /><testcase classname="tests.unit.test_processed_target.TestProcessedTargetStages" name="test_set_default_stages_excludes_by_default" time="0.005" /><testcase classname="tests.unit.test_processed_target.TestProcessedTargetStages" name="test_set_default_stages_preserves_existing_exclusions" time="0.006" /><testcase classname="tests.unit.test_processed_target.TestProcessedTargetStages" name="test_user_exclusions_from_toml_are_retained" time="0.005" /><testcase classname="tests.unit.test_processed_target.TestProcessedTargetStages" name="test_set_default_stages_with_used_list" time="0.005" /><testcase classname="tests.unit.test_processed_target.TestProcessedTargetContext" name="test_update_from_context_sessions" time="0.006" /><testcase classname="tests.unit.test_processed_target.TestProcessedTargetCleanup" name="test_cleanup_processing_dir_removes_temp" time="0.005" /><testcase classname="tests.unit.test_processed_target.TestProcessedTargetCleanup" name="test_cleanup_processing_dir_preserves_named" time="0.007" /><testcase classname="tests.unit.test_processed_target.TestProcessedTargetCleanup" name="test_close_writes_config_when_valid" time="0.007" /><testcase classname="tests.unit.test_processed_target.TestProcessedTargetCleanup" name="test_close_skips_write_when_invalid" time="0.006" /><testcase classname="tests.unit.test_processed_target.TestProcessedTargetContextManager" name="test_context_manager_enter" time="0.005" /><testcase classname="tests.unit.test_processed_target.TestProcessedTargetContextManager" name="test_context_manager_exit" time="0.005" /><testcase classname="tests.unit.test_processed_target.TestProcessedTargetContextManager" name="test_context_manager_usage" time="0.009" /><testcase classname="tests.unit.test_processing.TestMakeImagerow" name="test_make_imagerow_basic" time="0.001" /><testcase classname="tests.unit.test_processing.TestMakeImagerow" name="test_make_imagerow_with_subdirectory" time="0.001" /><testcase classname="tests.unit.test_processing.TestStageToDoc" name="test_stage_to_doc_with_description" time="0.001" /><testcase classname="tests.unit.test_processing.TestStageToDoc" name="test_stage_to_doc_without_description" time="0.001" /><testcase classname="tests.unit.test_processing.TestStageToDoc" name="test_stage_to_doc_overwrites_existing" time="0.002" /><testcase classname="tests.unit.test_processing.TestInputsByKind" name="test_inputs_by_kind_filters_correctly" time="0.001" /><testcase classname="tests.unit.test_processing.TestInputsByKind" name="test_inputs_by_kind_no_matches" time="0.001" /><testcase classname="tests.unit.test_processing.TestInputsByKind" name="test_inputs_by_kind_no_inputs" time="0.002" /><testcase classname="tests.unit.test_processing.TestInputsByKind" name="test_inputs_by_kind_empty_inputs" time="0.001" /><testcase classname="tests.unit.test_processing.TestTasksToStages" name="test_tasks_to_stages_unique_stages" time="0.001" /><testcase classname="tests.unit.test_processing.TestTasksToStages" name="test_tasks_to_stages_sorted_by_priority" time="0.002" /><testcase classname="tests.unit.test_processing.TestTasksToStages" name="test_tasks_to_stages_empty_list" time="0.001" /><testcase classname="tests.unit.test_processing.TestTasksToStages" name="test_tasks_to_stages_preserves_stage_data" time="0.001" /><testcase classname="tests.unit.test_processing.TestTasksToStages" name="test_tasks_to_stages_respects_after_dependencies" time="0.002" /><testcase classname="tests.unit.test_processing.TestTasksToStages" name="test_tasks_to_stages_regex_after_dependencies" time="0.002" /><testcase classname="tests.unit.test_processing.TestTasksToStages" name="test_tasks_to_stages_wildcard_after_dependencies" time="0.001" /><testcase classname="tests.unit.test_processing.TestTasksToStages" name="test_tasks_to_stages_chain_dependencies" time="0.002" /><testcase classname="tests.unit.test_processing.TestTasksToStages" name="test_tasks_to_stages_priority_overrides_when_no_deps" time="0.001" /><testcase classname="tests.unit.test_processing.TestTasksToStages" name="test_tasks_to_stages_dependency_overrides_priority" time="0.002" /><testcase classname="tests.unit.test_processing.TestTasksToStages" name="test_tasks_to_stages_complex_dependency_chain" time="0.002" /><testcase classname="tests.unit.test_processing.TestRemoveTasksByStageName" name="test_remove_tasks_by_stage_name_removes_matches" time="0.001" /><testcase classname="tests.unit.test_processing.TestRemoveTasksByStageName" name="test_remove_tasks_multiple_exclusions" time="0.001" /><testcase classname="tests.unit.test_processing.TestRemoveTasksByStageName" name="test_remove_tasks_empty_exclusion_list" time="0.001" /><testcase classname="tests.unit.test_processing.TestRemoveTasksByStageName" name="test_remove_tasks_no_matches" time="0.001" /><testcase classname="tests.unit.test_processing.TestCreateDefaultTask" name="test_create_default_task_structure" time="0.001" /><testcase classname="tests.unit.test_processing.TestCreateDefaultTask" name="test_create_default_task_name" time="0.001" /><testcase classname="tests.unit.test_processing.TestCreateDefaultTask" name="test_create_default_task_with_tasks" time="0.001" /><testcase classname="tests.unit.test_processing.TestCreateDefaultTask" name="test_create_default_task_empty_tasks" time="0.001" /><testcase classname="tests.unit.test_processing.TestCreateDefaultTask" name="test_create_default_task_meta_structure" time="0.001" /><testcase classname="tests.unit.test_processing.TestProcessingUtilityIntegration" name="test_stage_extraction_and_filtering_workflow" time="0.002" /><testcase classname="tests.unit.test_app.TestStarbashInit" name="test_init_creates_selection" time="0.565" /><testcase classname="tests.unit.test_processing.TestProcessingUtilityIntegration" name="test_multiple_inputs_filtering" time="0.001" /><testcase classname="tests.unit.test_repo_imports" name="test_import_nested_node" time="0.009" /><testcase classname="tests.unit.test_repo_imports" name="test_import_from_external_repo" time="0.009" /><testcase classname="tests.unit.test_repo_imports" name="test_import_caching" time="0.008" /><testcase classname="tests.unit.test_repo_imports" name="test_import_in_array_of_tables" time="0.007" /><testcase classname="tests.unit.test_repo_imports" name="test_import_preserves_additional_keys" time="0.006" /><testcase classname="tests.unit.test_repo_imports" name="test_import_missing_node_error" time="0.004" /><testcase classname="tests.unit.test_repo_imports" name="test_import_missing_node_key_error" time="0.005" /><testcase classname="tests.unit.test_repo_imports" name="test_import_invalid_spec_error" time="0.004" /><testcase classname="tests.unit.test_repo_imports" name="test_import_missing_file_error" time="0.004" /><testcase classname="tests.unit.test_repo_imports" name="test_import_at_root_error" time="0.007" /><testcase classname="tests.unit.test_repo_imports" name="test_nested_imports" time="0.009" /><testcase classname="tests.unit.test_app.TestReindexRepos" name="test_reindex_repos_with_force" time="0.618" /><testcase classname="tests.unit.test_repo_imports" name="test_import_preserves_monkey_patch" time="0.006" /><testcase classname="tests.unit.test_repo_imports" name="test_multiple_imports_isolation" time="0.008" /><testcase classname="tests.unit.test_repo_imports" name="test_import_complex_structure" time="0.012" /><testcase classname="tests.unit.test_commands_selection.TestSelectionDateCommand" name="test_date_operation_case_insensitive" time="0.615" /><testcase classname="tests.unit.test_repo_manager" name="test_repo_manager_initialization" time="0.009" /><testcase classname="tests.unit.test_repo_manager" name="test_repo_manager_get_with_real_repos" time="0.006" /><testcase classname="tests.unit.test_repo_manager" name="test_repo_with_direct_toml_file" time="0.004" /><testcase classname="tests.unit.test_repo_manager" name="test_repo_direct_toml_vs_directory" time="0.005" /><testcase classname="tests.unit.test_repo_manager" name="test_repo_direct_toml_resolve_path" time="0.004" /><testcase classname="tests.unit.test_repo_manager" name="test_repo_config_url_property" time="0.044" /><testcase classname="tests.unit.test_app.TestStarbashLifecycle" name="test_context_manager_enter" time="0.497" /><testcase classname="tests.unit.test_app.TestProcessing" name="test_run_stage_with_input_files" time="0.514" /><testcase classname="tests.unit.test_app.TestAddOutputPath" name="test_add_output_path_missing_dest" time="0.496" /><testcase classname="tests.unit.test_app.TestAddSession" name="test_add_session_with_defaults" time="0.502" /><testcase classname="tests.unit.test_app.TestRemoveRepoRef" name="test_remove_repo_ref_no_refs" time="0.455" /><testcase classname="tests.unit.test_app.TestAddOutputPath" name="test_add_output_path_creates_directories" time="0.512" /><testcase classname="tests.unit.test_app.TestStarbashInit" name="test_init_with_analytics_enabled" time="0.459" /><testcase classname="tests.unit.test_rich.TestToTree" name="test_to_tree_simple_dict" time="0.001" /><testcase classname="tests.unit.test_rich.TestToRichString" name="test_to_rich_string_with_none" time="0.020" /><testcase classname="tests.unit.test_app.TestStarbashLifecycle" name="test_with_statement" time="0.493" /><testcase classname="tests.unit.test_app.TestGetSessionImages" name="test_get_session_images_invalid_session" time="0.496" /><testcase classname="tests.unit.test_safety.TestGetSafe" name="test_get_safe_returns_value" time="0.001" /><testcase classname="tests.unit.test_safety.TestGetListOfStrings" name="test_get_list_of_strings_with_single_string" time="0.001" /><testcase classname="tests.unit.test_app.TestProcessing" name="test_run_all_stages_executes_stages" time="0.496" /><testcase classname="tests.unit.test_safety.TestGetListOfStrings" name="test_get_list_of_strings_raises_on_invalid_type" time="0.002" /><testcase classname="tests.unit.test_safety.TestGetListOfStrings" name="test_get_list_of_strings_with_empty_list" time="0.001" /><testcase classname="tests.unit.test_app.TestProcessing" name="test_run_stage_missing_script" time="0.489" /><testcase classname="tests.unit.test_score.TestScoredCandidate" name="test_scored_candidate_creation" time="0.003" /><testcase classname="tests.unit.test_score.TestScoreCandidatesGain" name="test_exact_gain_match_high_score" time="0.002" /><testcase classname="tests.unit.test_score.TestScoreCandidatesGain" name="test_gain_mismatch_penalty" time="0.001" /><testcase classname="tests.unit.test_score.TestScoreCandidatesGain" name="test_missing_gain_in_reference" time="0.002" /><testcase classname="tests.unit.test_score.TestScoreCandidatesGain" name="test_missing_gain_in_candidate" time="0.001" /><testcase classname="tests.unit.test_score.TestScoreCandidatesTemperature" name="test_close_temperature_high_score" time="0.002" /><testcase classname="tests.unit.test_score.TestScoreCandidatesTemperature" name="test_temperature_difference_in_reason" time="0.001" /><testcase classname="tests.unit.test_score.TestScoreCandidatesTemperature" name="test_missing_temperature" time="0.002" /><testcase classname="tests.unit.test_score.TestScoreCandidatesTime" name="test_older_candidates_preferred" time="0.002" /><testcase classname="tests.unit.test_score.TestScoreCandidatesTime" name="test_future_candidates_penalized" time="0.002" /><testcase classname="tests.unit.test_score.TestScoreCandidatesTime" name="test_recent_future_allowed" time="0.002" /><testcase classname="tests.unit.test_score.TestScoreCandidatesTime" name="test_malformed_date_warning" time="0.002" /><testcase classname="tests.unit.test_score.TestScoreCandidatesInstrument" name="test_instrument_mismatch_severe_penalty" time="0.001" /><testcase classname="tests.unit.test_score.TestScoreCandidatesCamera" name="test_camera_mismatch_severe_penalty" time="0.001" /><testcase classname="tests.unit.test_score.TestScoreCandidatesDimensions" name="test_dimension_mismatch_excludes_candidate" time="0.002" /><testcase classname="tests.unit.test_app.TestStarbashInit" name="test_init_with_user_email" time="0.456" /><testcase classname="tests.unit.test_score.TestScoreCandidatesSorting" name="test_candidates_sorted_by_score" time="0.002" /><testcase classname="tests.unit.test_score.TestScoreCandidatesSorting" name="test_empty_candidates_list" time="0.001" /><testcase classname="tests.unit.test_score.TestScoreCandidatesEdgeCases" name="test_candidate_with_no_metadata" time="0.001" /><testcase classname="tests.unit.test_score.TestScoreCandidatesEdgeCases" name="test_invalid_numeric_values" time="0.001" /><testcase classname="tests.unit.test_score.TestScoreCandidatesEdgeCases" name="test_reason_string_formatting" time="0.001" /><testcase classname="tests.unit.test_score.TestScoreCandidatesEdgeCases" name="test_missing_path_in_candidate" time="0.002" /><testcase classname="tests.unit.test_selection.TestSelectionInit" name="test_init_creates_empty_selection" time="0.002" /><testcase classname="tests.unit.test_selection.TestSelectionInit" name="test_init_loads_existing_state" time="0.005" /><testcase classname="tests.unit.test_selection.TestSelectionInit" name="test_init_handles_missing_file" time="0.002" /><testcase classname="tests.unit.test_selection.TestSelectionInit" name="test_init_handles_corrupt_json" time="0.004" /><testcase classname="tests.unit.test_selection.TestSelectionInit" name="test_init_handles_partial_data" time="0.003" /><testcase classname="tests.unit.test_selection.TestSelectionSave" name="test_save_creates_file" time="0.004" /><testcase classname="tests.unit.test_selection.TestSelectionSave" name="test_save_creates_parent_directory" time="0.003" /><testcase classname="tests.unit.test_selection.TestSelectionSave" name="test_save_writes_all_fields" time="0.006" /><testcase classname="tests.unit.test_selection.TestSelectionSave" name="test_save_handles_write_error" time="0.004" /><testcase classname="tests.unit.test_selection.TestSelectionClear" name="test_clear_removes_all_criteria" time="0.003" /><testcase classname="tests.unit.test_selection.TestSelectionClear" name="test_clear_saves_state" time="0.005" /><testcase classname="tests.unit.test_cli" name="test_user_email_command" time="0.819" /><testcase classname="tests.unit.test_selection.TestSelectionAddTarget" name="test_add_target_adds_new_target" time="0.003" /><testcase classname="tests.unit.test_selection.TestSelectionAddTarget" name="test_add_target_avoids_duplicates" time="0.004" /><testcase classname="tests.unit.test_selection.TestSelectionAddTarget" name="test_add_target_saves_state" time="0.005" /><testcase classname="tests.unit.test_selection.TestSelectionAddTarget" name="test_add_multiple_targets" time="0.005" /><testcase classname="tests.unit.test_cli" name="test_user_help_commands" time="0.200" /><testcase classname="tests.unit.test_selection.TestSelectionRemoveTarget" name="test_remove_target_removes_existing" time="0.003" /><testcase classname="tests.unit.test_selection.TestSelectionRemoveTarget" name="test_remove_target_ignores_missing" time="0.002" /><testcase classname="tests.unit.test_selection.TestSelectionRemoveTarget" name="test_remove_target_saves_state" time="0.005" /><testcase classname="tests.unit.test_selection.TestSelectionAddTelescope" name="test_add_telescope_adds_new_telescope" time="0.004" /><testcase classname="tests.unit.test_selection.TestSelectionAddTelescope" name="test_add_telescope_avoids_duplicates" time="0.004" /><testcase classname="tests.unit.test_selection.TestSelectionAddTelescope" name="test_add_telescope_saves_state" time="0.004" /><testcase classname="tests.unit.test_selection.TestSelectionAddTelescope" name="test_add_multiple_telescopes" time="0.004" /><testcase classname="tests.unit.test_selection.TestSelectionRemoveTelescope" name="test_remove_telescope_removes_existing" time="0.003" /><testcase classname="tests.unit.test_selection.TestSelectionRemoveTelescope" name="test_remove_telescope_ignores_missing" time="0.003" /><testcase classname="tests.unit.test_selection.TestSelectionRemoveTelescope" name="test_remove_telescope_saves_state" time="0.006" /><testcase classname="tests.unit.test_selection.TestSelectionSetDateRange" name="test_set_date_range_with_both_dates" time="0.004" /><testcase classname="tests.unit.test_selection.TestSelectionSetDateRange" name="test_set_date_range_with_start_only" time="0.003" /><testcase classname="tests.unit.test_selection.TestSelectionSetDateRange" name="test_set_date_range_with_end_only" time="0.003" /><testcase classname="tests.unit.test_selection.TestSelectionSetDateRange" name="test_set_date_range_clears_dates" time="0.004" /><testcase classname="tests.unit.test_selection.TestSelectionSetDateRange" name="test_set_date_range_saves_state" time="0.004" /><testcase classname="tests.unit.test_selection.TestSelectionAddFilter" name="test_add_filter_adds_new_filter" time="0.004" /><testcase classname="tests.unit.test_repo_imports" name="test_basic_import_same_file" time="0.007" /><testcase classname="tests.unit.test_selection.TestSelectionAddFilter" name="test_add_filter_avoids_duplicates" time="0.004" /><testcase classname="tests.unit.test_selection.TestSelectionAddFilter" name="test_add_filter_saves_state" time="0.004" /><testcase classname="tests.unit.test_repo_imports" name="test_import_from_different_file" time="0.008" /><testcase classname="tests.unit.test_selection.TestSelectionAddFilter" name="test_add_multiple_filters" time="0.005" /><testcase classname="tests.unit.test_selection.TestSelectionRemoveFilter" name="test_remove_filter_removes_existing" time="0.004" /><testcase classname="tests.unit.test_repo_imports" name="test_import_with_relative_path" time="0.007" /><testcase classname="tests.unit.test_selection.TestSelectionRemoveFilter" name="test_remove_filter_ignores_missing" time="0.003" /><testcase classname="tests.unit.test_selection.TestSelectionRemoveFilter" name="test_remove_filter_saves_state" time="0.005" /><testcase classname="tests.unit.test_selection.TestSelectionIsEmpty" name="test_is_empty_returns_true_for_new_selection" time="0.002" /><testcase classname="tests.unit.test_selection.TestSelectionIsEmpty" name="test_is_empty_returns_false_with_date_start" time="0.002" /><testcase classname="tests.unit.test_selection.TestSelectionIsEmpty" name="test_is_empty_returns_false_with_target" time="0.002" /><testcase classname="tests.unit.test_selection.TestSelectionIsEmpty" name="test_is_empty_returns_false_with_date_end" time="0.002" /><testcase classname="tests.unit.test_selection.TestSelectionIsEmpty" name="test_is_empty_returns_false_with_filter" time="0.002" /><testcase classname="tests.unit.test_selection.TestSelectionIsEmpty" name="test_is_empty_returns_false_with_image_type" time="0.003" /><testcase classname="tests.unit.test_selection.TestSelectionIsEmpty" name="test_is_empty_returns_false_with_telescope" time="0.002" /><testcase classname="tests.unit.test_selection.TestSelectionIsEmpty" name="test_is_empty_after_clear" time="0.004" /><testcase classname="tests.unit.test_app.TestReindexRepo" name="test_reindex_repo_with_force" time="0.487" /><testcase classname="tests.unit.test_selection.TestSelectionGetQueryConditions" name="test_get_query_conditions_empty_selection" time="0.004" /><testcase classname="tests.unit.test_selection.TestSelectionGetQueryConditions" name="test_get_query_conditions_with_single_target" time="0.003" /><testcase classname="tests.unit.test_selection.TestSelectionGetQueryConditions" name="test_get_query_conditions_with_single_filter" time="0.002" /><testcase classname="tests.unit.test_selection.TestSelectionGetQueryConditions" name="test_get_query_conditions_with_multiple_filters" time="0.002" /><testcase classname="tests.unit.test_selection.TestSelectionGetQueryConditions" name="test_get_query_conditions_with_single_telescope" time="0.002" /><testcase classname="tests.unit.test_selection.TestSelectionGetQueryConditions" name="test_get_query_conditions_with_multiple_telescopes" time="0.002" /><testcase classname="tests.unit.test_selection.TestSelectionGetQueryConditions" name="test_get_query_conditions_with_date_start" time="0.002" /><testcase classname="tests.unit.test_selection.TestSelectionGetQueryConditions" name="test_get_query_conditions_with_date_end" time="0.004" /><testcase classname="tests.unit.test_selection.TestSelectionGetQueryConditions" name="test_get_query_conditions_with_date_range" time="0.002" /><testcase classname="tests.unit.test_selection.TestSelectionSummary" name="test_summary_empty_selection" time="0.003" /><testcase classname="tests.unit.test_selection.TestSelectionGetQueryConditions" name="test_get_query_conditions_with_all_criteria" time="0.003" /><testcase classname="tests.unit.test_selection.TestSelectionSummary" name="test_summary_with_target" time="0.002" /><testcase classname="tests.unit.test_cli" name="test_selection_commands" time="3.619" /><testcase classname="tests.unit.test_selection.TestSelectionSummary" name="test_summary_with_multiple_targets" time="0.003" /><testcase classname="tests.unit.test_selection.TestSelectionSummary" name="test_summary_with_telescope" time="0.002" /><testcase classname="tests.unit.test_selection.TestSelectionSummary" name="test_summary_with_multiple_telescopes" time="0.003" /><testcase classname="tests.unit.test_selection.TestSelectionSummary" name="test_summary_with_date_start_only" time="0.003" /><testcase classname="tests.unit.test_selection.TestSelectionSummary" name="test_summary_with_date_end_only" time="0.003" /><testcase classname="tests.unit.test_selection.TestSelectionSummary" name="test_summary_with_date_range" time="0.003" /><testcase classname="tests.unit.test_rich.TestToTree" name="test_to_tree_default_brief" time="0.001" /><testcase classname="tests.unit.test_rich.TestToRichString" name="test_to_rich_string_returns_string" time="0.023" /><testcase classname="tests.unit.test_selection.TestSelectionSummary" name="test_summary_with_filters" time="0.002" /><testcase classname="tests.unit.test_selection.TestSelectionSummary" name="test_summary_with_image_types" time="0.002" /><testcase classname="tests.unit.test_info" name="test_info_filter_command_no_data" time="0.787" /><testcase classname="tests.unit.test_selection.TestSelectionPersistence" name="test_changes_persist_across_instances" time="0.006" /><testcase classname="tests.unit.test_selection.TestSelectionSummary" name="test_summary_with_all_criteria" time="0.002" /><testcase classname="tests.unit.test_rich.TestToRichString" name="test_to_rich_string_with_dict" time="0.032" /><testcase classname="tests.unit.test_toml" name="test_basic_aot_creation" time="0.002" /><testcase classname="tests.unit.test_selection.TestSelectionPersistence" name="test_multiple_operations_persist" time="0.007" /><testcase classname="tests.unit.test_rich.TestToTree" name="test_to_tree_nested_dict" time="0.001" /><testcase classname="tests.unit.test_info" name="test_info_with_user_preferences" time="2.240" /><testcase classname="tests.unit.test_rich.TestToTree" name="test_to_tree_brief_mode_limits_items" time="0.001" /><testcase classname="tests.unit.test_toml" name="test_aot_with_nested_structures" time="0.002" /><testcase classname="tests.unit.test_rich.TestToTree" name="test_to_tree_with_list" time="0.001" /><testcase classname="tests.unit.test_toml" name="test_aot_clear_and_repopulate" time="0.002" /><testcase classname="tests.unit.test_toml" name="test_aot_with_item_wrapper" time="0.002" /><testcase classname="tests.unit.test_rich.TestToTree" name="test_to_tree_not_brief_shows_all_items" time="0.001" /><testcase classname="tests.unit.test_rich.TestToTree" name="test_to_tree_with_mixed_types" time="0.002" /><testcase classname="tests.unit.test_selection.TestSelectionPersistence" name="test_clear_persists" time="0.005" /><testcase classname="tests.unit.test_toml" name="test_aot_with_item_and_append" time="0.005" /><testcase classname="tests.unit.test_rich.TestToTree" name="test_to_tree_truncates_long_values" time="0.002" /><testcase classname="tests.unit.test_toml" name="test_item_vs_table" time="0.004" /><testcase classname="tests.unit.test_tool.TestSafeFormatter" name="test_missing_key_returns_placeholder" time="0.001" /><testcase classname="tests.unit.test_toml" name="test_repo_get_with_aot_default" time="0.005" /><testcase classname="tests.unit.test_toml" name="test_full_reproduction" time="0.015" /><testcase classname="tests.unit.test_rich.TestToTree" name="test_to_tree_default_label" time="0.001" /><testcase classname="tests.unit.test_app.TestProcessing" name="test_start_session_initializes_context" time="0.465" /><testcase classname="tests.unit.test_rich.TestToTree" name="test_to_tree_with_iterable" time="0.002" /><testcase classname="tests.unit.test_tool.TestExpandContext" name="test_multiple_missing_variables" time="0.002" /><testcase classname="tests.unit.test_tool.TestExpandContext" name="test_missing_variable_raises_error" time="0.004" /><testcase classname="tests.unit.test_rich.TestToRichString" name="test_to_rich_string_with_simple_types" time="0.439" /><testcase classname="tests.unit.test_tool.TestSafeFormatter" name="test_existing_key_returns_value" time="0.001" /><testcase classname="tests.unit.test_tool.TestExpandContext" name="test_max_iterations_warning" time="0.002" /><testcase classname="tests.unit.test_tool.TestExpandContext" name="test_simple_expansion" time="0.002" /><testcase classname="tests.unit.test_tool.TestExpandContext" name="test_no_expansion_needed" time="0.001" /><testcase classname="tests.unit.test_tool.TestExpandContextUnsafe" name="test_simple_arithmetic" time="0.001" /><testcase classname="tests.unit.test_safety.TestGetSafe" name="test_get_safe_raises_on_missing_key" time="0.002" /><testcase classname="tests.unit.test_tool.TestExpandContext" name="test_multiple_variables" time="0.002" /><testcase classname="tests.unit.test_tool.TestExpandContext" name="test_escaped_braces_remain" time="0.001" /><testcase classname="tests.unit.test_tool.TestExpandContextUnsafe" name="test_arithmetic_with_context" time="0.001" /><testcase classname="tests.unit.test_tool.TestExpandContext" name="test_nested_expansion" time="0.002" /><testcase classname="tests.unit.test_tool.TestExpandContextUnsafe" name="test_string_formatting" time="0.002" /><testcase classname="tests.unit.test_rich.TestToRichString" name="test_to_rich_string_with_tree" time="0.431" /><testcase classname="tests.unit.test_tool.TestExpandContextUnsafe" name="test_string_concatenation" time="0.003" /><testcase classname="tests.unit.test_safety.TestGetSafe" name="test_get_safe_with_different_types" time="0.001" /><testcase classname="tests.unit.test_tool.TestExpandContextUnsafe" name="test_direct_variable_access" time="0.002" /><testcase classname="tests.unit.test_safety.TestGetListOfStrings" name="test_get_list_of_strings_with_list" time="0.001" /><testcase classname="tests.unit.test_tool.TestExpandContextUnsafe" name="test_no_expressions" time="0.001" /><testcase classname="tests.unit.test_tool.TestMakeSafeGlobals" name="test_returns_dict" time="0.002" /><testcase classname="tests.unit.test_tool.TestExpandContextUnsafe" name="test_invalid_expression_raises_error" time="0.003" /><testcase classname="tests.unit.test_tool.TestMakeSafeGlobals" name="test_includes_context" time="0.001" /><testcase classname="tests.unit.test_tool.TestMakeSafeGlobals" name="test_includes_common_types" time="0.001" /><testcase classname="tests.unit.test_safety.TestGetSafe" name="test_get_safe_raises_on_none_value" time="0.002" /><testcase classname="tests.unit.test_tool.TestMakeSafeGlobals" name="test_includes_logger" time="0.001" /><testcase classname="tests.unit.test_commands_selection.TestSelectionDateCommand" name="test_date_missing_arguments" time="0.382" /><testcase classname="tests.unit.test_tool.TestMakeSafeGlobals" name="test_includes_builtins" time="0.001" /><testcase classname="tests.unit.test_tool.TestMakeSafeGlobals" name="test_includes_required_guards" time="0.001" /><testcase classname="tests.unit.test_tool.TestStripComments" name="test_multiple_lines_with_comments" time="0.001" /><testcase classname="tests.unit.test_tool.TestStripComments" name="test_hash_in_string_context" time="0.001" /><testcase classname="tests.unit.test_tool.TestStripComments" name="test_no_comments" time="0.001" /><testcase classname="tests.unit.test_tool.TestStripComments" name="test_removes_full_line_comment" time="0.001" /><testcase classname="tests.unit.test_tool.TestMakeSafeGlobals" name="test_empty_context_by_default" time="0.001" /><testcase classname="tests.unit.test_safety.TestGetListOfStrings" name="test_get_list_of_strings_raises_on_dict" time="0.002" /><testcase classname="tests.unit.test_score.TestScoredCandidate" name="test_get_comment" time="0.001" /><testcase classname="tests.unit.test_tool.TestExpandContextUnsafe" name="test_missing_variable_raises_error" time="0.002" /><testcase classname="tests.unit.test_tool.TestToolBaseClass" name="test_tool_default_script_file_is_none" time="0.001" /><testcase classname="tests.unit.test_tool.TestToolBaseClass" name="test_run_creates_temp_directory" time="0.414" /><testcase classname="tests.unit.test_tool.TestMakeSafeGlobals" name="test_includes_utility_builtins" time="0.001" /><testcase classname="tests.unit.test_tool.TestMakeSafeGlobals" name="test_includes_common_math_functions" time="0.001" /><testcase classname="tests.unit.test_commands_selection.TestSelectionTelescopeCommand" name="test_telescope_command_missing_argument" time="0.389" /><testcase classname="tests.unit.test_tool.TestPythonTool" name="test_python_tool_name" time="0.001" /><testcase classname="tests.unit.test_tool.TestToolBaseClass" name="test_run_not_implemented" time="0.430" /><testcase classname="tests.unit.test_tool.TestToolBaseClass" name="test_tool_has_name" time="0.001" /><testcase classname="tests.unit.test_tool.TestStripComments" name="test_empty_string" time="0.001" /><testcase classname="tests.unit.test_tool.TestMakeSafeGlobals" name="test_write_guard_function" time="0.001" /><testcase classname="tests.unit.test_tool.TestPythonTool" name="test_python_tool_has_access_to_context" time="0.424" /><testcase classname="tests.unit.test_safety.TestGetListOfStrings" name="test_get_list_of_strings_raises_on_missing_key" time="0.002" /><testcase classname="tests.unit.test_tool.TestPythonTool" name="test_python_tool_default_script_file" time="0.001" /><testcase classname="tests.unit.test_tool.TestPythonTool" name="test_python_tool_executes_simple_code" time="0.367" /><testcase classname="tests.unit.test_tool.TestPythonTool" name="test_python_tool_restores_directory_on_error" time="0.407" /><testcase classname="tests.unit.test_score.TestScoredCandidate" name="test_str_returns_path" time="0.002" /><testcase classname="tests.unit.test_tool.TestPythonTool" name="test_python_tool_changes_directory" time="0.005" /><testcase classname="tests.unit.test_tool.TestPythonTool" name="test_python_tool_runtime_error_raises" time="0.004" /><testcase classname="tests.unit.test_tool.TestToolsDict" name="test_tools_dict_exists" time="0.001" /><testcase classname="tests.unit.test_tool.TestSirilTool" name="test_siril_tool_expands_context" time="0.001" /><testcase classname="tests.unit.test_commands_selection.TestSelectionShowCommand" name="test_show_selection_with_date_range" time="0.961" /><testcase classname="tests.unit.test_tool.TestToolsDict" name="test_tools_dict_values_are_tool_instances" time="0.001" /><testcase classname="tests.unit.test_tool.TestToolsDict" name="test_tools_dict_keys_match_names" time="0.001" /><testcase classname="tests.unit.test_tool.TestToolRun" name="test_tool_run_failure_raises_error" time="0.007" /><testcase classname="tests.unit.test_tool.TestToolRun" name="test_tool_run_failure_logs_output" time="0.005" /><testcase classname="tests.unit.test_tool.TestSirilToolRun" name="test_siril_tool_run_with_empty_script" time="1.139" /><testcase classname="tests.unit.test_tool.TestToolRun" name="test_tool_run_success" time="0.007" /><testcase classname="tests.unit.test_tool.TestToolRun" name="test_tool_run_timeout" time="5.008" /><testcase classname="tests.unit.test_tool.TestToolRun" name="test_tool_run_logs_stdout_on_success" time="0.007" /><testcase classname="tests.unit.test_score.TestScoreCandidatesFlatFilter" name="test_flat_filter_match_required" time="0.002" /><testcase classname="tests.unit.test_tool.TestParseJsonLine" name="test_parses_status_event" time="0.001" /><testcase classname="tests.unit.test_tool.TestParseJsonLine" name="test_blank_line_returns_none" time="0.001" /><testcase classname="tests.unit.test_tool.TestParseJsonLine" name="test_non_json_line_returns_none" time="0.001" /><testcase classname="tests.unit.test_tool.TestParseJsonLine" name="test_non_object_json_returns_none" time="0.001" /><testcase classname="tests.unit.test_score.TestScoreCandidatesFlatFilter" name="test_non_flat_ignores_filter" time="0.001" /><testcase classname="tests.unit.test_tool.TestRCAstroTool" name="test_build_args_does_not_duplicate_json" time="0.001" /><testcase classname="tests.unit.test_tool.TestRCAstroTool" name="test_build_args_injects_json" time="0.002" /><testcase classname="tests.unit.test_tool.TestRCAstroTool" name="test_build_args_drops_unset_parameter_flag" time="0.002" /><testcase classname="tests.unit.test_tool.TestRCAstroTool" name="test_registered_in_tools" time="0.001" /><testcase classname="tests.unit.test_tool.TestRCAstroTool" name="test_build_args_expands_context" time="0.002" /><testcase classname="tests.unit.test_tool.TestToolRunStreaming" name="test_streaming_collects_lines" time="0.003" /><testcase classname="tests.unit.test_tool.TestToolRunStreaming" name="test_streaming_failure_raises" time="0.004" /><testcase classname="tests.unit.test_tool.TestToolRunStreaming" name="test_streaming_timeout" time="0.407" /><testcase classname="tests.unit.test_tool.TestRCAstroTool" name="test_run_builds_expected_command" time="0.411" /><testcase classname="tests.unit.test_tool.TestBlurExterminatorRecipe" name="test_parameters_have_defaults" time="0.017" /><testcase classname="tests.unit.test_tool.TestBlurExterminatorRecipe" name="test_stage_uses_rc_astro_after_background" time="0.016" /><testcase classname="tests.unit.test_tool.TestBlurExterminatorRecipe" name="test_stage_sorts_after_background" time="0.018" /><testcase classname="tests.unit.test_tool.TestNoiseExterminatorRecipe" name="test_stage_sorts_after_blur" time="0.045" /><testcase classname="tests.unit.test_tool.TestStarnetRecipe" name="test_parameters_have_defaults" time="0.019" /><testcase classname="tests.unit.test_tool.TestStarnetRecipe" name="test_stage_uses_siril_after_sho" time="0.019" /><testcase classname="tests.unit.test_info" name="test_info_command_with_data" time="0.712" /><testcase classname="tests.unit.test_tool.TestStarnetRecipe" name="test_stage_sorts_after_sho" time="0.022" /><testcase classname="tests.unit.test_url" name="test_new_issue_without_report_id" time="0.001" /><testcase classname="tests.unit.test_url" name="test_new_issue_with_empty_string_report_id" time="0.001" /><testcase classname="tests.unit.test_url" name="test_new_issue_url_format" time="0.001" /><testcase classname="tests.unit.test_url" name="test_new_issue_with_special_characters_in_report_id" time="0.001" /><testcase classname="tests.unit.test_windows.TestIsUnderPowershell" name="test_returns_true_when_psmodulepath_present" time="0.002" /><testcase classname="tests.unit.test_tool.TestStarnetRecipe" name="test_declares_starless_and_starmask_outputs" time="0.020" /><testcase classname="tests.unit.test_url" name="test_new_issue_with_report_id" time="0.001" /><testcase classname="tests.unit.test_windows.TestIsUnderPowershell" name="test_returns_false_when_psmodulepath_absent" time="0.002" /><testcase classname="tests.unit.test_windows.TestIsUnderPowershell" name="test_returns_true_with_multiple_ps_env_vars" time="0.002" /><testcase classname="toml-repo.tests.test_repo_imports" name="test_basic_import_same_file" time="0.013" /><testcase classname="toml-repo.tests.test_repo_imports" name="test_import_from_different_file" time="0.008" /><testcase classname="tests.unit.test_windows.TestIsUnderPowershell" name="test_returns_false_with_non_ps_env_vars" time="0.002" /><testcase classname="toml-repo.tests.test_repo_imports" name="test_import_nested_node" time="0.009" /><testcase classname="toml-repo.tests.test_repo_imports" name="test_import_with_relative_path" time="0.010" /><testcase classname="toml-repo.tests.test_repo_imports" name="test_import_from_external_repo" time="0.010" /><testcase classname="toml-repo.tests.test_repo_imports" name="test_import_in_array_of_tables" time="0.008" /><testcase classname="toml-repo.tests.test_repo_imports" name="test_import_caching" time="0.011" /><testcase classname="toml-repo.tests.test_repo_imports" name="test_import_preserves_additional_keys" time="0.006" /><testcase classname="toml-repo.tests.test_repo_imports" name="test_import_missing_node_error" time="0.004" /><testcase classname="toml-repo.tests.test_repo_imports" name="test_import_invalid_spec_error" time="0.005" /><testcase classname="toml-repo.tests.test_repo_imports" name="test_import_missing_node_key_error" time="0.006" /><testcase classname="toml-repo.tests.test_repo_imports" name="test_import_missing_file_error" time="0.005" /><testcase classname="toml-repo.tests.test_repo_imports" name="test_import_at_root_error" time="0.006" /><testcase classname="toml-repo.tests.test_repo_imports" name="test_nested_imports" time="0.010" /><testcase classname="toml-repo.tests.test_repo_imports" name="test_import_preserves_monkey_patch" time="0.008" /><testcase classname="toml-repo.tests.test_repo_imports" name="test_multiple_imports_isolation" time="0.011" /><testcase classname="toml-repo.tests.test_repo_manager" name="test_repo_manager_initialization" time="0.011" /><testcase classname="toml-repo.tests.test_repo_imports" name="test_import_complex_structure" time="0.018" /><testcase classname="toml-repo.tests.test_repo_manager" name="test_repo_manager_get_with_real_repos" time="0.006" /><testcase classname="toml-repo.tests.test_repo_manager" name="test_repo_with_direct_toml_file" time="0.004" /><testcase classname="toml-repo.tests.test_repo_manager" name="test_repo_direct_toml_resolve_path" time="0.003" /><testcase classname="toml-repo.tests.test_repo_manager" name="test_repo_config_url_property" time="0.006" /><testcase classname="toml-repo.tests.test_repo_manager" name="test_config_suffix_customization" time="0.004" /><testcase classname="toml-repo.tests.test_repo_manager" name="test_repo_direct_toml_vs_directory" time="0.006" /><testcase classname="tests.unit.test_selection.TestSelectionGetQueryConditions" name="test_get_query_conditions_with_multiple_targets" time="0.003" /><testcase classname="tests.unit.test_tool.TestStripComments" name="test_removes_inline_comment" time="0.001" /><testcase classname="tests.unit.test_commands_selection.TestSelectionDateCommand" name="test_date_after_command" time="0.380" /><testcase classname="tests.unit.test_tool.TestToolRun" name="test_tool_run_with_spaces_in_command_path" time="0.274" /><testcase classname="tests.unit.test_commands_selection.TestSelectionIntegration" name="test_clear_after_setting_filters" time="1.671" /><testcase classname="tests.unit.test_tool.TestExpandContextUnsafe" name="test_path_building" time="0.002" /><testcase classname="tests.unit.test_rich.TestToRichString" name="test_to_rich_string_with_nested_structure" time="0.025" /><testcase classname="tests.unit.test_tool.TestPythonTool" name="test_python_tool_syntax_error_raises" time="0.003" /><testcase classname="tests.unit.test_tool.TestExpandContext" name="test_empty_context" time="0.002" /><testcase classname="tests.unit.test_tool.TestToolRun" name="test_tool_run_with_stderr_warning" time="0.005" /><testcase classname="tests.unit.test_tool.TestToolsDict" name="test_tools_dict_contains_all_tools" time="0.001" /><testcase classname="tests.unit.test_tool.TestSirilTool" name="test_siril_tool_name" time="0.001" /><testcase classname="tests.unit.test_commands_selection.TestSelectionTargetCommand" name="test_target_command_missing_argument" time="0.222" /><testcase classname="tests.unit.test_cli" name="test_repo_complete_by_url" time="1.108" /><testcase classname="tests.unit.test_tool.TestNoiseExterminatorRecipe" name="test_stage_uses_rc_astro_after_blur" time="0.036" /><testcase classname="tests.unit.test_tool.TestNoiseExterminatorRecipe" name="test_parameters_present_without_defaults" time="0.038" /><testcase classname="tests.unit.test_cli" name="test_session_command_with_data" time="0.813" /><testcase classname="tests.unit.test_cli" name="test_user_analytics_command" time="1.101" /><testcase classname="tests.unit.test_commands_selection.TestSelectionTargetCommand" name="test_target_command_success" time="0.415" /><testcase classname="tests.unit.test_cli" name="test_repo_list_verbose" time="0.567" /><testcase classname="tests.unit.test_commands_selection.TestSelectionTelescopeCommand" name="test_telescope_command_success" time="0.376" /><testcase classname="tests.unit.test_info" name="test_info_filter_command_with_data" time="0.557" /><testcase classname="tests.unit.test_commands_selection.TestSelectionDateCommand" name="test_date_before_command" time="0.368" /><testcase classname="tests.unit.test_info" name="test_info_target_command_no_data" time="0.542" /><testcase classname="tests.unit.test_commands_selection.TestSelectionShowCommand" name="test_show_selection_with_telescope" time="0.606" /><testcase classname="tests.unit.test_commands_selection.TestSelectionTelescopeCommand" name="test_telescope_command_with_spaces" time="0.358" /><testcase classname="tests.unit.test_cli" name="test_repo_reindex_invalid_number" time="0.536" /><testcase classname="tests.unit.test_commands_selection.TestSelectionDateCommand" name="test_date_between_command" time="0.361" /><testcase classname="tests.unit.test_tool.TestParseJsonLine" name="test_sample_stream_progress_and_status" time="0.001" /><testcase classname="tests.unit.test_cli" name="test_repo_add_command" time="0.522" /><testcase classname="tests.unit.test_info" name="test_info_help" time="0.094" /><testcase classname="tests.unit.test_info" name="test_info_target_command_with_data" time="0.525" /><testcase classname="tests.unit.test_cli" name="test_repo_remove_invalid_number" time="0.424" /><testcase classname="tests.unit.test_cli" name="test_help_commands" time="0.148" /><testcase classname="tests.unit.test_cli" name="test_user_setup_command" time="0.424" /><testcase classname="tests.unit.test_cli" name="test_repo_reindex_out_of_range" time="0.418" /><testcase classname="tests.unit.test_cli" name="test_invalid_command" time="0.006" /><testcase classname="tests.unit.test_cli" name="test_session_command_empty_database" time="0.427" /><testcase classname="tests.unit.test_info" name="test_info_telescope_command_no_data" time="0.402" /><testcase classname="tests.unit.test_cli" name="test_repo_remove_out_of_range" time="0.488" /><testcase classname="tests.unit.test_cli" name="test_user_setup_command_skip_all" time="0.481" /><testcase classname="tests.unit.test_commands_selection.TestSelectionIntegration" name="test_selection_persistence_across_commands" time="0.758" /><testcase classname="tests.unit.test_cli" name="test_repo_remove_by_url" time="0.995" /><testcase classname="tests.unit.test_info" name="test_info_master_command_no_repo" time="0.503" /><testcase classname="tests.unit.test_cli" name="test_repo_reindex_command" time="0.441" /><testcase classname="tests.unit.test_info" name="test_info_master_command_no_data" time="0.451" /><testcase classname="tests.unit.test_commands_selection.TestSelectionIntegration" name="test_date_range_after_clears_previous_range" time="0.746" /><testcase classname="tests.unit.test_cli" name="test_repo_reindex_with_force" time="0.461" /><testcase classname="tests.unit.test_cli" name="test_repo_reindex_by_url" time="0.802" /><testcase classname="tests.unit.test_cli" name="test_selection_date_between" time="1.226" /><testcase classname="tests.unit.test_cli" name="test_selection_help_commands" time="0.031" /><testcase classname="tests.unit.test_tool.TestParseJsonLine" name="test_parses_progress_event" time="0.001" /></testsuite></testsuites>